[0804/184236.720:INFO:CONSOLE(163)] "Event handler of 'x-storagemutated-1' event must be added on the initial evaluation of worker script.", source: https://static.whatsapp.net/rsrc.php/v4/yM/r/NeZgRr8Aic-.js (163)
[0804/184239.781:INFO:CONSOLE(0)] "Error with Permissions-Policy header: Feature xr-spatial-tracking's parameters are ignored.", source:  (0)
[0804/184239.781:INFO:CONSOLE(0)] "Error with Permissions-Policy header: Origin trial controlled feature not enabled: 'attribution-reporting'.", source:  (0)
[0804/184239.781:INFO:CONSOLE(0)] "Error with Permissions-Policy header: Unrecognized feature: 'compute-pressure'.", source:  (0)
[0804/184239.781:INFO:CONSOLE(0)] "Error with Permissions-Policy header: Origin trial controlled feature not enabled: 'interest-cohort'.", source:  (0)
[0804/184239.781:INFO:CONSOLE(0)] "Error with Permissions-Policy header: Unrecognized feature: 'private-state-token-issuance'.", source:  (0)
[0804/184239.781:INFO:CONSOLE(0)] "Error with Permissions-Policy header: Origin trial controlled feature not enabled: 'shared-storage'.", source:  (0)
[0804/184239.781:INFO:CONSOLE(0)] "Error with Permissions-Policy header: Unrecognized feature: 'shared-storage-select-url'.", source:  (0)
[0804/184239.781:INFO:CONSOLE(0)] "Error with Permissions-Policy header: Unrecognized feature: 'private-state-token-redemption'.", source:  (0)
[0804/184239.781:INFO:CONSOLE(0)] "Error with Permissions-Policy header: Unrecognized feature: 'unload'.", source:  (0)
[0804/184239.781:INFO:CONSOLE(0)] "Error with Permissions-Policy header: Unrecognized feature: 'window-management'.", source:  (0)
[0804/184239.781:INFO:CONSOLE(0)] "Document-Policy HTTP header: Unrecognized document policy feature name include-js-call-stacks-in-crash-reports.", source: https://web.whatsapp.com/ (0)
[0804/184259.773:INFO:CONSOLE(163)] "Event handler of 'x-storagemutated-1' event must be added on the initial evaluation of worker script.", source: https://static.whatsapp.net/rsrc.php/v4/yM/r/NeZgRr8Aic-.js (163)
[0804/184413.286:INFO:CONSOLE(163)] "Event handler of 'x-storagemutated-1' event must be added on the initial evaluation of worker script.", source: https://static.whatsapp.net/rsrc.php/v4/yM/r/NeZgRr8Aic-.js (163)
[0804/184429.667:INFO:CONSOLE(92)] "[Report Only] Refused to compile or instantiate WebAssembly module because 'unsafe-eval' is not an allowed source of script in the following Content Security Policy directive: "script-src blob: 'self' 'nonce-CgKZYvdy' 'report-sample' https://static.whatsapp.net https://*.youtube.com https://maps.googleapis.com https://maps.gstatic.com https://lens.google.com/upload".
", source: https://static.whatsapp.net/rsrc.php/v4/yN/r/ykn8a6XJWFl.js (92)
[0804/184834.354:INFO:CONSOLE(163)] "Event handler of 'x-storagemutated-1' event must be added on the initial evaluation of worker script.", source: https://static.whatsapp.net/rsrc.php/v4/yM/r/NeZgRr8Aic-.js (163)
[0804/185052.797:INFO:CONSOLE(163)] "Event handler of 'x-storagemutated-1' event must be added on the initial evaluation of worker script.", source: https://static.whatsapp.net/rsrc.php/v4/yM/r/NeZgRr8Aic-.js (163)
[0804/185212.999:INFO:CONSOLE(163)] "Event handler of 'x-storagemutated-1' event must be added on the initial evaluation of worker script.", source: https://static.whatsapp.net/rsrc.php/v4/yM/r/NeZgRr8Aic-.js (163)
[0804/185402.207:INFO:CONSOLE(163)] "Event handler of 'x-storagemutated-1' event must be added on the initial evaluation of worker script.", source: https://static.whatsapp.net/rsrc.php/v4/yM/r/NeZgRr8Aic-.js (163)
[0804/185834.538:INFO:CONSOLE(163)] "Event handler of 'x-storagemutated-1' event must be added on the initial evaluation of worker script.", source: https://static.whatsapp.net/rsrc.php/v4/yM/r/NeZgRr8Aic-.js (163)
[0804/185927.503:INFO:CONSOLE(163)] "Event handler of 'x-storagemutated-1' event must be added on the initial evaluation of worker script.", source: https://static.whatsapp.net/rsrc.php/v4/yM/r/NeZgRr8Aic-.js (163)
[0804/190515.147:INFO:CONSOLE(163)] "Event handler of 'x-storagemutated-1' event must be added on the initial evaluation of worker script.", source: https://static.whatsapp.net/rsrc.php/v4/yM/r/NeZgRr8Aic-.js (163)
[0804/190745.601:INFO:CONSOLE(163)] "Event handler of 'x-storagemutated-1' event must be added on the initial evaluation of worker script.", source: https://static.whatsapp.net/rsrc.php/v4/yM/r/NeZgRr8Aic-.js (163)
[0804/190918.321:INFO:CONSOLE(163)] "Event handler of 'x-storagemutated-1' event must be added on the initial evaluation of worker script.", source: https://static.whatsapp.net/rsrc.php/v4/yM/r/NeZgRr8Aic-.js (163)
[0804/191120.594:INFO:CONSOLE(163)] "Event handler of 'x-storagemutated-1' event must be added on the initial evaluation of worker script.", source: https://static.whatsapp.net/rsrc.php/v4/yM/r/NeZgRr8Aic-.js (163)
[0804/191158.303:INFO:CONSOLE(163)] "Event handler of 'x-storagemutated-1' event must be added on the initial evaluation of worker script.", source: https://static.whatsapp.net/rsrc.php/v4/yM/r/NeZgRr8Aic-.js (163)
[0804/191255.743:INFO:CONSOLE(163)] "Event handler of 'x-storagemutated-1' event must be added on the initial evaluation of worker script.", source: https://static.whatsapp.net/rsrc.php/v4/yM/r/NeZgRr8Aic-.js (163)
[0804/191526.558:INFO:CONSOLE(163)] "Event handler of 'x-storagemutated-1' event must be added on the initial evaluation of worker script.", source: https://static.whatsapp.net/rsrc.php/v4/yM/r/NeZgRr8Aic-.js (163)
[0804/191712.798:INFO:CONSOLE(163)] "Event handler of 'x-storagemutated-1' event must be added on the initial evaluation of worker script.", source: https://static.whatsapp.net/rsrc.php/v4/yM/r/NeZgRr8Aic-.js (163)
[0804/191907.425:INFO:CONSOLE(163)] "Event handler of 'x-storagemutated-1' event must be added on the initial evaluation of worker script.", source: https://static.whatsapp.net/rsrc.php/v4/yM/r/NeZgRr8Aic-.js (163)
[0804/192004.746:INFO:CONSOLE(163)] "Event handler of 'x-storagemutated-1' event must be added on the initial evaluation of worker script.", source: https://static.whatsapp.net/rsrc.php/v4/yM/r/NeZgRr8Aic-.js (163)
[0804/192059.377:INFO:CONSOLE(163)] "Event handler of 'x-storagemutated-1' event must be added on the initial evaluation of worker script.", source: https://static.whatsapp.net/rsrc.php/v4/yM/r/NeZgRr8Aic-.js (163)
[0804/192152.424:INFO:CONSOLE(163)] "Event handler of 'x-storagemutated-1' event must be added on the initial evaluation of worker script.", source: https://static.whatsapp.net/rsrc.php/v4/yM/r/NeZgRr8Aic-.js (163)
[0804/192230.958:INFO:CONSOLE(163)] "Event handler of 'x-storagemutated-1' event must be added on the initial evaluation of worker script.", source: https://static.whatsapp.net/rsrc.php/v4/yM/r/NeZgRr8Aic-.js (163)
[0804/192408.446:INFO:CONSOLE(163)] "Event handler of 'x-storagemutated-1' event must be added on the initial evaluation of worker script.", source: https://static.whatsapp.net/rsrc.php/v4/yM/r/NeZgRr8Aic-.js (163)
[0804/192509.419:INFO:CONSOLE(163)] "Event handler of 'x-storagemutated-1' event must be added on the initial evaluation of worker script.", source: https://static.whatsapp.net/rsrc.php/v4/yM/r/NeZgRr8Aic-.js (163)
[0804/192550.035:INFO:CONSOLE(163)] "Event handler of 'x-storagemutated-1' event must be added on the initial evaluation of worker script.", source: https://static.whatsapp.net/rsrc.php/v4/yM/r/NeZgRr8Aic-.js (163)
[0804/192632.634:INFO:CONSOLE(4)] "Uncaught (in promise) Error: Cannot convert undefined or null to object", source: https://web.whatsapp.com/ (4)
[0804/192645.233:INFO:CONSOLE(163)] "Event handler of 'x-storagemutated-1' event must be added on the initial evaluation of worker script.", source: https://static.whatsapp.net/rsrc.php/v4/yM/r/NeZgRr8Aic-.js (163)
[0804/192904.153:INFO:CONSOLE(163)] "Event handler of 'x-storagemutated-1' event must be added on the initial evaluation of worker script.", source: https://static.whatsapp.net/rsrc.php/v4/yM/r/NeZgRr8Aic-.js (163)
[0804/192958.077:INFO:CONSOLE(163)] "Event handler of 'x-storagemutated-1' event must be added on the initial evaluation of worker script.", source: https://static.whatsapp.net/rsrc.php/v4/yM/r/NeZgRr8Aic-.js (163)
[0804/193122.936:INFO:CONSOLE(163)] "Event handler of 'x-storagemutated-1' event must be added on the initial evaluation of worker script.", source: https://static.whatsapp.net/rsrc.php/v4/yM/r/NeZgRr8Aic-.js (163)
[0804/193240.731:INFO:CONSOLE(163)] "Event handler of 'x-storagemutated-1' event must be added on the initial evaluation of worker script.", source: https://static.whatsapp.net/rsrc.php/v4/yM/r/NeZgRr8Aic-.js (163)
[0804/193818.865:INFO:CONSOLE(163)] "Event handler of 'x-storagemutated-1' event must be added on the initial evaluation of worker script.", source: https://static.whatsapp.net/rsrc.php/v4/yM/r/NeZgRr8Aic-.js (163)
[0804/193933.439:INFO:CONSOLE(163)] "Event handler of 'x-storagemutated-1' event must be added on the initial evaluation of worker script.", source: https://static.whatsapp.net/rsrc.php/v4/yM/r/NeZgRr8Aic-.js (163)
[0804/194056.434:INFO:CONSOLE(163)] "Event handler of 'x-storagemutated-1' event must be added on the initial evaluation of worker script.", source: https://static.whatsapp.net/rsrc.php/v4/yM/r/NeZgRr8Aic-.js (163)
[0804/194145.868:INFO:CONSOLE(163)] "Event handler of 'x-storagemutated-1' event must be added on the initial evaluation of worker script.", source: https://static.whatsapp.net/rsrc.php/v4/yM/r/NeZgRr8Aic-.js (163)
[0804/194552.292:INFO:CONSOLE(163)] "Event handler of 'x-storagemutated-1' event must be added on the initial evaluation of worker script.", source: https://static.whatsapp.net/rsrc.php/v4/yM/r/NeZgRr8Aic-.js (163)
[0804/194655.529:INFO:CONSOLE(163)] "Event handler of 'x-storagemutated-1' event must be added on the initial evaluation of worker script.", source: https://static.whatsapp.net/rsrc.php/v4/yM/r/NeZgRr8Aic-.js (163)
[0804/194923.819:INFO:CONSOLE(163)] "Event handler of 'x-storagemutated-1' event must be added on the initial evaluation of worker script.", source: https://static.whatsapp.net/rsrc.php/v4/yM/r/NeZgRr8Aic-.js (163)
[0804/195245.955:INFO:CONSOLE(163)] "Event handler of 'x-storagemutated-1' event must be added on the initial evaluation of worker script.", source: https://static.whatsapp.net/rsrc.php/v4/yM/r/NeZgRr8Aic-.js (163)
[0804/195338.849:INFO:CONSOLE(163)] "Event handler of 'x-storagemutated-1' event must be added on the initial evaluation of worker script.", source: https://static.whatsapp.net/rsrc.php/v4/yM/r/NeZgRr8Aic-.js (163)
[0804/195524.604:INFO:CONSOLE(163)] "Event handler of 'x-storagemutated-1' event must be added on the initial evaluation of worker script.", source: https://static.whatsapp.net/rsrc.php/v4/yM/r/NeZgRr8Aic-.js (163)
[0804/195731.075:INFO:CONSOLE(163)] "Event handler of 'x-storagemutated-1' event must be added on the initial evaluation of worker script.", source: https://static.whatsapp.net/rsrc.php/v4/yM/r/NeZgRr8Aic-.js (163)
[0804/200105.834:INFO:CONSOLE(163)] "Event handler of 'x-storagemutated-1' event must be added on the initial evaluation of worker script.", source: https://static.whatsapp.net/rsrc.php/v4/yM/r/NeZgRr8Aic-.js (163)
[0804/200232.743:INFO:CONSOLE(163)] "Event handler of 'x-storagemutated-1' event must be added on the initial evaluation of worker script.", source: https://static.whatsapp.net/rsrc.php/v4/yM/r/NeZgRr8Aic-.js (163)
[0804/200340.700:INFO:CONSOLE(92)] "[Report Only] Refused to compile or instantiate WebAssembly module because 'unsafe-eval' is not an allowed source of script in the following Content Security Policy directive: "script-src blob: 'self' 'nonce-CgKZYvdy' 'report-sample' https://static.whatsapp.net https://*.youtube.com https://maps.googleapis.com https://maps.gstatic.com https://lens.google.com/upload".
", source: https://static.whatsapp.net/rsrc.php/v4/yN/r/ykn8a6XJWFl.js (92)
[0804/200734.071:INFO:CONSOLE(163)] "Event handler of 'x-storagemutated-1' event must be added on the initial evaluation of worker script.", source: https://static.whatsapp.net/rsrc.php/v4/yM/r/NeZgRr8Aic-.js (163)
[0804/201023.496:INFO:CONSOLE(163)] "Event handler of 'x-storagemutated-1' event must be added on the initial evaluation of worker script.", source: https://static.whatsapp.net/rsrc.php/v4/yM/r/NeZgRr8Aic-.js (163)
[0804/201133.091:INFO:CONSOLE(163)] "Event handler of 'x-storagemutated-1' event must be added on the initial evaluation of worker script.", source: https://static.whatsapp.net/rsrc.php/v4/yM/r/NeZgRr8Aic-.js (163)
[0804/201212.541:INFO:CONSOLE(163)] "Event handler of 'x-storagemutated-1' event must be added on the initial evaluation of worker script.", source: https://static.whatsapp.net/rsrc.php/v4/yM/r/NeZgRr8Aic-.js (163)
[0804/201424.144:INFO:CONSOLE(163)] "Event handler of 'x-storagemutated-1' event must be added on the initial evaluation of worker script.", source: https://static.whatsapp.net/rsrc.php/v4/yM/r/NeZgRr8Aic-.js (163)
[0804/201606.157:INFO:CONSOLE(163)] "Event handler of 'x-storagemutated-1' event must be added on the initial evaluation of worker script.", source: https://static.whatsapp.net/rsrc.php/v4/yM/r/NeZgRr8Aic-.js (163)
